Base path: C:/Program Files/Unity/Editor/Data
Cmd: initializeCompiler
Cmd: compileComputeKernel
  api=4 insize=4937 outsize=4549 ok=1
Cmd: initializeCompiler
Cmd: initializeCompiler
Cmd: translateComputeKernel
  api=14 insize=6673 outsize=11781 ok=1
Cmd: initializeCompiler
Cmd: compileComputeKernel
  api=4 insize=4946 outsize=1645 ok=1
Cmd: translateComputeKernel
  api=14 insize=4013 outsize=5421 ok=1
Cmd: initializeCompiler
Cmd: initializeCompiler
Cmd: compileComputeKernel
  api=4 insize=4943 outsize=1645 ok=1
Cmd: translateComputeKernel
  api=14 insize=4013 outsize=5421 ok=1
Cmd: initializeCompiler
Cmd: compileComputeKernel
  api=4 insize=4945 outsize=4549 ok=1
Cmd: initializeCompiler
Cmd: compileComputeKernel
  api=4 insize=5484 outsize=1749 ok=1
Cmd: initializeCompiler
Cmd: translateComputeKernel
  api=14 insize=4145 outsize=5653 ok=1
Cmd: initializeCompiler
Cmd: compileComputeKernel
  api=14 insize=5493 outsize=6525 ok=1
Cmd: translateComputeKernel
  api=14 insize=6673 outsize=11781 ok=1
Cmd: translateComputeKernel
  api=14 insize=4045 outsize=5509 ok=1
Cmd: compileComputeKernel
  api=14 insize=5474 outsize=3593 ok=1
Cmd: compileComputeKernel
  api=4 insize=5357 outsize=4549 ok=1
Cmd: translateComputeKernel
  api=14 insize=4077 outsize=5557 ok=1
Cmd: initializeCompiler
Cmd: initializeCompiler
Cmd: compileComputeKernel
  error: 2 plat 4 at Boids.compute(159): undeclared identifier '_BoidForceBufferWrite'
  api=4 insize=5861 outsize=0 ok=0
Cmd: initializeCompiler
Cmd: compileComputeKernel
  error: 2 plat 4 at Boids.compute(158): undeclared identifier '_BoidForceBufferWrite'
  api=4 insize=5865 outsize=0 ok=0
Cmd: initializeCompiler
Cmd: compileComputeKernel
  error: 2 plat 14 at Boids.compute(158): undeclared identifier '_BoidForceBufferWrite'
  api=14 insize=5869 outsize=0 ok=0
Cmd: initializeCompiler
Cmd: compileComputeKernel
  error: 2 plat 4 at Boids.compute(82): undeclared identifier '_BoidForceBufferWrite'
  api=4 insize=5897 outsize=0 ok=0
Cmd: initializeCompiler
Cmd: initializeCompiler
Cmd: initializeCompiler
Cmd: compileComputeKernel
  api=14 insize=5844 outsize=6637 ok=1
Cmd: translateComputeKernel
  api=14 insize=6637 outsize=11697 ok=1
Cmd: initializeCompiler
Cmd: initializeCompiler
Cmd: initializeCompiler
Cmd: initializeCompiler
Cmd: compileComputeKernel
  api=14 insize=6314 outsize=3649 ok=1
Cmd: compileComputeKernel
  api=14 insize=6314 outsize=6941 ok=1
Cmd: translateComputeKernel
  api=14 insize=4133 outsize=5625 ok=1
Cmd: compileComputeKernel
  api=4 insize=6285 outsize=4841 ok=1
Cmd: translateComputeKernel
  api=14 insize=4133 outsize=5625 ok=1
Cmd: compileComputeKernel
  api=4 insize=6176 outsize=4841 ok=1
Cmd: initializeCompiler
Cmd: initializeCompiler
Cmd: initializeCompiler
Cmd: initializeCompiler
Cmd: initializeCompiler
Cmd: initializeCompiler
Cmd: initializeCompiler
Cmd: initializeCompiler
Cmd: initializeCompiler
Cmd: initializeCompiler
Cmd: initializeCompiler
Cmd: initializeCompiler
Cmd: initializeCompiler
Cmd: initializeCompiler
Cmd: initializeCompiler
Cmd: initializeCompiler
Cmd: initializeCompiler
Cmd: initializeCompiler
Cmd: initializeCompiler
Cmd: compileComputeKernel
  api=14 insize=2059 outsize=2129 ok=1
Cmd: translateComputeKernel
  api=14 insize=2129 outsize=3889 ok=1
Cmd: translateComputeKernel
  api=14 insize=1357 outsize=1453 ok=1
Cmd: compileComputeKernel
  api=14 insize=3070 outsize=48849 ok=1
Cmd: compileComputeKernel
  api=14 insize=10881 outsize=10709 ok=1
Cmd: compileComputeKernel
  api=4 insize=4855 outsize=9169 ok=1
Cmd: compileComputeKernel
  api=14 insize=3396 outsize=3445 ok=1
Cmd: compileComputeKernel
  api=14 insize=18299 outsize=9405 ok=1
Cmd: compileComputeKernel
  api=4 insize=18299 outsize=8781 ok=1
Cmd: compileComputeKernel
  api=4 insize=18299 outsize=10377 ok=1
Cmd: compileComputeKernel
  api=4 insize=3072 outsize=353 ok=1
Cmd: translateComputeKernel
  api=14 insize=853 outsize=785 ok=1
Cmd: compileComputeKernel
  api=14 insize=1806 outsize=2001 ok=1
Cmd: compileComputeKernel
  api=4 insize=1454 outsize=1461 ok=1
Cmd: translateComputeKernel
  api=14 insize=1193 outsize=1313 ok=1
Cmd: translateComputeKernel
  api=14 insize=1509 outsize=2273 ok=1
Cmd: initializeCompiler
Cmd: initializeCompiler
Cmd: initializeCompiler
Cmd: initializeCompiler
Cmd: initializeCompiler
Cmd: initializeCompiler
Cmd: initializeCompiler
Cmd: initializeCompiler
Cmd: initializeCompiler
Cmd: initializeCompiler
Cmd: initializeCompiler
Cmd: initializeCompiler
Cmd: initializeCompiler
Cmd: initializeCompiler
Cmd: initializeCompiler
Cmd: initializeCompiler
Cmd: initializeCompiler
Cmd: initializeCompiler
